
CCCP: 2011-04-19 14:05:04.638505
CSV Name: /home/jmr/Documents/TempFiles/CCCP/Config/Sludge_(EWWW!).csv
Data Sets: 10
Points: 62
Shifts: 24
Performed Cross Correlations
Cleaned Up Files

CCCP: 2011-04-19 14:16:13.295257
CSV Name: /home/jmr/Documents/TempFiles/CCCP/Config/Temps.csv
Data Sets: 13
Points: 136
Shifts: 10
Performed Cross Correlations
Cleaned Up Files

CCCP: 2011-04-19 14:35:02.237345
CSV Name: /home/jmr/Documents/TempFiles/CCCP/Config/RBS4.csv
Data Sets: 4
Points: 1219
Shifts: 25
Performed Cross Correlations
Cleaned Up Files

CCCP: 2011-04-19 14:50:02.434380
CSV Name: /home/jmr/Documents/TempFiles/CCCP/Config/Sec_Clarifier.csv
Data Sets: 14
Points: 838
Shifts: 25
Performed Cross Correlations
Cleaned Up Files

CCCP: 2011-04-19 15:00:02.221434
CSV Name: /home/jmr/Documents/TempFiles/CCCP/Config/DB05.csv
Data Sets: 7
Points: 38
Shifts: 25
Performed Cross Correlations
Cleaned Up Files

CCCP: 2011-04-20 09:55:04.080525
CSV Name: /home/jmr/Documents/TempFiles/CCCP/Config/TANA.csv
Data Sets: 39
Points: 89
Shifts: 15
Performed Cross Correlations
Cleaned Up Files

CCCP: 2011-04-20 11:20:02.924841
CSV Name: /home/jmr/Documents/TempFiles/CCCP/Config/Pat's_Test.csv
Data Sets: 12
Points: 243
Shifts: 30
Performed Cross Correlations
Cleaned Up Files

CCCP: 2011-04-26 09:30:03.559610
CSV Name: /home/jmr/Documents/TempFiles/CCCP/Config/AER-P.csv
Data Sets: 3
Points: 50
Shifts: 15
Performed Cross Correlations
Cleaned Up Files
